#
# A fatal error has been detected by the Java Runtime Environment:
#
#  SIGSEGV (0xb) at pc=0x0000000110317463, pid=26145, tid=30723
#
# JRE version: Java(TM) SE Runtime Environment (8.0_65-b17) (build 1.8.0_65-b17)
# Java VM: Java HotSpot(TM) 64-Bit Server VM (25.65-b01 mixed mode bsd-amd64 compressed oops)
# Problematic frame:
# V  [libjvm.dylib+0x317463]  jni_GetObjectField+0x7d
#
# Failed to write core dump. Core dumps have been disabled. To enable core dumping, try "ulimit -c unlimited" before starting Java again
#
# If you would like to submit a bug report, please visit:
#   http://bugreport.java.com/bugreport/crash.jsp
#

---------------  T H R E A D  ---------------

Current thread (0x00007fdf83a0e800):  JavaThread "NETTY-TOMP2P - worker-client/server - -4-8" [_thread_in_vm, id=30723, stack(0x000070000278f000,0x000070000288f000)]

siginfo: si_signo: 11 (SIGSEGV), si_code: 1 (SEGV_MAPERR), si_addr: 0x0000000000000010

Registers:
RAX=0x00000001108308d0, RBX=0x0000000000000052, RCX=0x0000000110815303, RDX=0x0000000000000008
RSP=0x000070000288da80, RBP=0x000070000288dae0, RSI=0x00007fdf8355ea58, RDI=0x00007fdf83a0e9f8
R8 =0x000070000288db84, R9 =0x0000000000000001, R10=0x00000000000001f6, R11=0x00000001108df760
R12=0x00007fdf83a0e9f8, R13=0x0000000000000002, R14=0x00007fdf8355ea58, R15=0x00007fdf83a0e800
RIP=0x0000000110317463, EFLAGS=0x0000000000010202, ERR=0x0000000000000004
  TRAPNO=0x000000000000000e

Top of Stack: (sp=0x000070000288da80)
0x000070000288da80:   00007fdf83a0e9f8 00007fdf83a0e800
0x000070000288da90:   0000000000000000 00007fdf83a0e800
0x000070000288daa0:   0000000000000000 00007fdf83a0e800
0x000070000288dab0:   00007fdf83a0e800 000070000288db30
0x000070000288dac0:   00007fdf83a0e9f8 0000000000000002
0x000070000288dad0:   000070000288dc70 00007fdf83a0e9f8
0x000070000288dae0:   000070000288db10 000000012cddd057
0x000070000288daf0:   000070000288db10 000070000288db88
0x000070000288db00:   0000000000000fa1 000070000288dc70
0x000070000288db10:   000070000288db70 000000012cdddda0
0x000070000288db20:   0000000100000000 000070000288db84
0x000070000288db30:   000070000288db90 0000000110317a92
0x000070000288db40:   fc002f35dc6577f1 0000000000000fa1
0x000070000288db50:   0000000000000001 00007fdf83a0e9f8
0x000070000288db60:   000070000288dc70 000070000288dc78
0x000070000288db70:   000070000288dbd0 000000012ce40742
0x000070000288db80:   0000001c0288db80 0000000129c19111
0x000070000288db90:   000070000288dbe8 0000000129c1a910
0x000070000288dba0:   0000000000000000 0000000129cf9ca8
0x000070000288dbb0:   0000000000000000 0000000129cf9ca0
0x000070000288dbc0:   000070000288dc80 00007fdf83a0e800
0x000070000288dbd0:   000070000288dc48 0000000110ff2954
0x000070000288dbe0:   0000000000000000 000000076c784858
0x000070000288dbf0:   0000000000000000 000070000288dc50
0x000070000288dc00:   000070000288dc40 000070000288dc08
0x000070000288dc10:   0000000000000000 000070000288dc80
0x000070000288dc20:   0000000129cfb2e8 0000000000000000
0x000070000288dc30:   0000000129cf9ca8 0000000000000000
0x000070000288dc40:   000070000288dc68 000070000288dcc8
0x000070000288dc50:   0000000110fe4690 000000076eb95750
0x000070000288dc60:   0000000110fec576 0000000000000fa1
0x000070000288dc70:   000000076adfb588 000000076c441080 

Instructions: (pc=0x0000000110317463)
0x0000000110317443:   89 da 90 0f 1f 40 00 48 8d 05 b3 d6 5b 00 80 38
0x0000000110317453:   00 49 8b 16 74 16 48 8d 05 70 94 51 00 8a 48 08
0x0000000110317463:   44 8b 62 08 49 d3 e4 4c 03 20 eb 04 4c 8b 62 08
0x0000000110317473:   49 89 dd 49 c1 ed 02 48 8d 05 2e 30 5c 00 80 38 

Register to memory mapping:

RAX=0x00000001108308d0: _ZN8Universe13_narrow_klassE+0 in /Library/Java/JavaVirtualMachines/jdk1.8.0_65.jdk/Contents/Home/jre/lib/server/libjvm.dylib at 0x0000000110000000
RBX=0x0000000000000052 is an unknown value
RCX=0x0000000110815303: HeapBaseMinAddress+0x3 in /Library/Java/JavaVirtualMachines/jdk1.8.0_65.jdk/Contents/Home/jre/lib/server/libjvm.dylib at 0x0000000110000000
RDX=0x0000000000000008 is an unknown value
RSP=0x000070000288da80 is pointing into the stack for thread: 0x00007fdf83a0e800
RBP=0x000070000288dae0 is pointing into the stack for thread: 0x00007fdf83a0e800
RSI=0x00007fdf8355ea58 is an unknown value
RDI=0x00007fdf83a0e9f8 is an unknown value
R8 =0x000070000288db84 is pointing into the stack for thread: 0x00007fdf83a0e800
R9 =0x0000000000000001 is an unknown value
R10=0x00000000000001f6 is an unknown value
R11=0x00000001108df760: _ZN20SafepointSynchronize18_safepoint_counterE+0 in /Library/Java/JavaVirtualMachines/jdk1.8.0_65.jdk/Contents/Home/jre/lib/server/libjvm.dylib at 0x0000000110000000
R12=0x00007fdf83a0e9f8 is an unknown value
R13=0x0000000000000002 is an unknown value
R14=0x00007fdf8355ea58 is an unknown value
R15=0x00007fdf83a0e800 is a thread


Stack: [0x000070000278f000,0x000070000288f000],  sp=0x000070000288da80,  free space=1018k
Native frames: (J=compiled Java code, j=interpreted, Vv=VM code, C=native code)
V  [libjvm.dylib+0x317463]  jni_GetObjectField+0x7d
C  [libnet.dylib+0xb057]  getInet6Address_ipaddress+0x55
C  [libnet.dylib+0xbda0]  NET_InetAddressToSockaddr+0xaf
C  [libnio.dylib+0x3742]  Java_sun_nio_ch_Net_connect0+0x51
j  sun.nio.ch.Net.connect0(ZLjava/io/FileDescriptor;Ljava/net/InetAddress;I)I+0
j  sun.nio.ch.Net.connect(Ljava/net/ProtocolFamily;Ljava/io/FileDescriptor;Ljava/net/InetAddress;I)I+25
j  sun.nio.ch.Net.connect(Ljava/io/FileDescriptor;Ljava/net/InetAddress;I)I+6
j  sun.nio.ch.SocketChannelImpl.connect(Ljava/net/SocketAddress;)Z+225
j  io.netty.channel.socket.nio.NioSocketChannel.doConnect(Ljava/net/SocketAddress;Ljava/net/SocketAddress;)Z+22
j  io.netty.channel.nio.AbstractNioChannel$AbstractNioUnsafe.connect(Ljava/net/SocketAddress;Ljava/net/SocketAddress;Lio/netty/channel/ChannelPromise;)V+53
j  io.netty.channel.DefaultChannelPipeline$HeadContext.connect(Lio/netty/channel/ChannelHandlerContext;Ljava/net/SocketAddress;Ljava/net/SocketAddress;Lio/netty/channel/ChannelPromise;)V+8
j  io.netty.channel.AbstractChannelHandlerContext.invokeConnect(Ljava/net/SocketAddress;Ljava/net/SocketAddress;Lio/netty/channel/ChannelPromise;)V+11
j  io.netty.channel.AbstractChannelHandlerContext.connect(Ljava/net/SocketAddress;Ljava/net/SocketAddress;Lio/netty/channel/ChannelPromise;)Lio/netty/channel/ChannelFuture;+53
j  io.netty.channel.ChannelDuplexHandler.connect(Lio/netty/channel/ChannelHandlerContext;Ljava/net/SocketAddress;Ljava/net/SocketAddress;Lio/netty/channel/ChannelPromise;)V+5
j  io.netty.channel.AbstractChannelHandlerContext.invokeConnect(Ljava/net/SocketAddress;Ljava/net/SocketAddress;Lio/netty/channel/ChannelPromise;)V+11
j  io.netty.channel.AbstractChannelHandlerContext.connect(Ljava/net/SocketAddress;Ljava/net/SocketAddress;Lio/netty/channel/ChannelPromise;)Lio/netty/channel/ChannelFuture;+53
j  io.netty.channel.ChannelDuplexHandler.connect(Lio/netty/channel/ChannelHandlerContext;Ljava/net/SocketAddress;Ljava/net/SocketAddress;Lio/netty/channel/ChannelPromise;)V+5
j  io.netty.channel.AbstractChannelHandlerContext.invokeConnect(Ljava/net/SocketAddress;Ljava/net/SocketAddress;Lio/netty/channel/ChannelPromise;)V+11
j  io.netty.channel.AbstractChannelHandlerContext.connect(Ljava/net/SocketAddress;Ljava/net/SocketAddress;Lio/netty/channel/ChannelPromise;)Lio/netty/channel/ChannelFuture;+53
j  io.netty.channel.ChannelOutboundHandlerAdapter.connect(Lio/netty/channel/ChannelHandlerContext;Ljava/net/SocketAddress;Ljava/net/SocketAddress;Lio/netty/channel/ChannelPromise;)V+5
j  io.netty.channel.AbstractChannelHandlerContext.invokeConnect(Ljava/net/SocketAddress;Ljava/net/SocketAddress;Lio/netty/channel/ChannelPromise;)V+11
j  io.netty.channel.AbstractChannelHandlerContext.connect(Ljava/net/SocketAddress;Ljava/net/SocketAddress;Lio/netty/channel/ChannelPromise;)Lio/netty/channel/ChannelFuture;+53
j  io.netty.channel.DefaultChannelPipeline.connect(Ljava/net/SocketAddress;Ljava/net/SocketAddress;Lio/netty/channel/ChannelPromise;)Lio/netty/channel/ChannelFuture;+7
j  io.netty.channel.AbstractChannel.connect(Ljava/net/SocketAddress;Ljava/net/SocketAddress;Lio/netty/channel/ChannelPromise;)Lio/netty/channel/ChannelFuture;+7
j  io.netty.bootstrap.Bootstrap$2.run()V+56
J 851 C1 io.netty.util.concurrent.SingleThreadEventExecutor.runAllTasks(J)Z (106 bytes) @ 0x0000000111186b24 [0x0000000111186860+0x2c4]
j  io.netty.channel.nio.NioEventLoop.run()V+106
j  io.netty.util.concurrent.SingleThreadEventExecutor$2.run()V+13
j  io.netty.util.concurrent.DefaultThreadFactory$DefaultRunnableDecorator.run()V+4
j  java.lang.Thread.run()V+11
v  ~StubRoutines::call_stub
V  [libjvm.dylib+0x2eab02]  JavaCalls::call_helper(JavaValue*, methodHandle*, JavaCallArguments*, Thread*)+0x6ae
V  [libjvm.dylib+0x2eb290]  JavaCalls::call_virtual(JavaValue*, KlassHandle, Symbol*, Symbol*, JavaCallArguments*, Thread*)+0x164
V  [libjvm.dylib+0x2eb43c]  JavaCalls::call_virtual(JavaValue*, Handle, KlassHandle, Symbol*, Symbol*, Thread*)+0x4a
V  [libjvm.dylib+0x345959]  thread_entry(JavaThread*, Thread*)+0x7c
V  [libjvm.dylib+0x5612d3]  JavaThread::thread_main_inner()+0x9b
V  [libjvm.dylib+0x5629ce]  JavaThread::run()+0x1c2
V  [libjvm.dylib+0x48342e]  java_start(Thread*)+0xf6
C  [libsystem_pthread.dylib+0x39b1]  _pthread_body+0x83
C  [libsystem_pthread.dylib+0x392e]  _pthread_body+0x0
C  [libsystem_pthread.dylib+0x1385]  thread_start+0xd
C  0x0000000000000000

Java frames: (J=compiled Java code, j=interpreted, Vv=VM code)
j  sun.nio.ch.Net.connect0(ZLjava/io/FileDescriptor;Ljava/net/InetAddress;I)I+0
j  sun.nio.ch.Net.connect(Ljava/net/ProtocolFamily;Ljava/io/FileDescriptor;Ljava/net/InetAddress;I)I+25
j  sun.nio.ch.Net.connect(Ljava/io/FileDescriptor;Ljava/net/InetAddress;I)I+6
j  sun.nio.ch.SocketChannelImpl.connect(Ljava/net/SocketAddress;)Z+225
j  io.netty.channel.socket.nio.NioSocketChannel.doConnect(Ljava/net/SocketAddress;Ljava/net/SocketAddress;)Z+22
j  io.netty.channel.nio.AbstractNioChannel$AbstractNioUnsafe.connect(Ljava/net/SocketAddress;Ljava/net/SocketAddress;Lio/netty/channel/ChannelPromise;)V+53
j  io.netty.channel.DefaultChannelPipeline$HeadContext.connect(Lio/netty/channel/ChannelHandlerContext;Ljava/net/SocketAddress;Ljava/net/SocketAddress;Lio/netty/channel/ChannelPromise;)V+8
j  io.netty.channel.AbstractChannelHandlerContext.invokeConnect(Ljava/net/SocketAddress;Ljava/net/SocketAddress;Lio/netty/channel/ChannelPromise;)V+11
j  io.netty.channel.AbstractChannelHandlerContext.connect(Ljava/net/SocketAddress;Ljava/net/SocketAddress;Lio/netty/channel/ChannelPromise;)Lio/netty/channel/ChannelFuture;+53
j  io.netty.channel.ChannelDuplexHandler.connect(Lio/netty/channel/ChannelHandlerContext;Ljava/net/SocketAddress;Ljava/net/SocketAddress;Lio/netty/channel/ChannelPromise;)V+5
j  io.netty.channel.AbstractChannelHandlerContext.invokeConnect(Ljava/net/SocketAddress;Ljava/net/SocketAddress;Lio/netty/channel/ChannelPromise;)V+11
j  io.netty.channel.AbstractChannelHandlerContext.connect(Ljava/net/SocketAddress;Ljava/net/SocketAddress;Lio/netty/channel/ChannelPromise;)Lio/netty/channel/ChannelFuture;+53
j  io.netty.channel.ChannelDuplexHandler.connect(Lio/netty/channel/ChannelHandlerContext;Ljava/net/SocketAddress;Ljava/net/SocketAddress;Lio/netty/channel/ChannelPromise;)V+5
j  io.netty.channel.AbstractChannelHandlerContext.invokeConnect(Ljava/net/SocketAddress;Ljava/net/SocketAddress;Lio/netty/channel/ChannelPromise;)V+11
j  io.netty.channel.AbstractChannelHandlerContext.connect(Ljava/net/SocketAddress;Ljava/net/SocketAddress;Lio/netty/channel/ChannelPromise;)Lio/netty/channel/ChannelFuture;+53
j  io.netty.channel.ChannelOutboundHandlerAdapter.connect(Lio/netty/channel/ChannelHandlerContext;Ljava/net/SocketAddress;Ljava/net/SocketAddress;Lio/netty/channel/ChannelPromise;)V+5
j  io.netty.channel.AbstractChannelHandlerContext.invokeConnect(Ljava/net/SocketAddress;Ljava/net/SocketAddress;Lio/netty/channel/ChannelPromise;)V+11
j  io.netty.channel.AbstractChannelHandlerContext.connect(Ljava/net/SocketAddress;Ljava/net/SocketAddress;Lio/netty/channel/ChannelPromise;)Lio/netty/channel/ChannelFuture;+53
j  io.netty.channel.DefaultChannelPipeline.connect(Ljava/net/SocketAddress;Ljava/net/SocketAddress;Lio/netty/channel/ChannelPromise;)Lio/netty/channel/ChannelFuture;+7
j  io.netty.channel.AbstractChannel.connect(Ljava/net/SocketAddress;Ljava/net/SocketAddress;Lio/netty/channel/ChannelPromise;)Lio/netty/channel/ChannelFuture;+7
j  io.netty.bootstrap.Bootstrap$2.run()V+56
J 851 C1 io.netty.util.concurrent.SingleThreadEventExecutor.runAllTasks(J)Z (106 bytes) @ 0x0000000111186b24 [0x0000000111186860+0x2c4]
j  io.netty.channel.nio.NioEventLoop.run()V+106
j  io.netty.util.concurrent.SingleThreadEventExecutor$2.run()V+13
j  io.netty.util.concurrent.DefaultThreadFactory$DefaultRunnableDecorator.run()V+4
j  java.lang.Thread.run()V+11
v  ~StubRoutines::call_stub

---------------  P R O C E S S  ---------------

Java Threads: ( => current thread )
=>0x00007fdf83a0e800 JavaThread "NETTY-TOMP2P - worker-client/server - -4-8" [_thread_in_vm, id=30723, stack(0x000070000278f000,0x000070000288f000)]
  0x00007fdf83a11800 JavaThread "pool-4-thread-1" [_thread_blocked, id=30211, stack(0x000070000268c000,0x000070000278c000)]
  0x00007fdf83a0d800 JavaThread "NETTY-TOMP2P - worker-client/server - -4-7" [_thread_in_native, id=29699, stack(0x0000700002589000,0x0000700002689000)]
  0x00007fdf83a0d000 JavaThread "NETTY-TOMP2P - worker-client/server - -4-6" [_thread_in_native, id=29187, stack(0x0000700002486000,0x0000700002586000)]
  0x00007fdf8503d000 JavaThread "NETTY-TOMP2P - worker-client/server - -4-5" [_thread_in_native, id=28675, stack(0x0000700002383000,0x0000700002483000)]
  0x00007fdf83a0c000 JavaThread "NETTY-TOMP2P - worker-client/server - -4-4" [_thread_in_native, id=28163, stack(0x0000700002280000,0x0000700002380000)]
  0x00007fdf83a0b800 JavaThread "NETTY-TOMP2P - worker-client/server - -4-3" [_thread_in_native, id=27651, stack(0x000070000217d000,0x000070000227d000)]
  0x00007fdf84961800 JavaThread "NETTY-TOMP2P - boss - -5-2" [_thread_in_native, id=27139, stack(0x000070000207a000,0x000070000217a000)]
  0x00007fdf83a0a800 JavaThread "NETTY-TOMP2P - worker-client/server - -4-2" [_thread_in_native, id=26627, stack(0x0000700001f77000,0x0000700002077000)]
  0x00007fdf838a1000 JavaThread "NETTY-TOMP2P - boss - -5-1" [_thread_in_native, id=26115, stack(0x0000700001e74000,0x0000700001f74000)]
  0x00007fdf84960000 JavaThread "NETTY-TOMP2P - worker-client/server - -4-1" [_thread_in_native, id=25603, stack(0x0000700001d71000,0x0000700001e71000)]
  0x00007fdf840b2800 JavaThread "pool-3-thread-1" [_thread_blocked, id=25091, stack(0x0000700001c6e000,0x0000700001d6e000)]
  0x00007fdf84955000 JavaThread "globalEventExecutor-2-88" [_thread_blocked, id=22879, stack(0x0000700000932000,0x0000700000a32000)]
  0x00007fdf8491d000 JavaThread "NETTY-TOMP2P - worker-client/server - -1-8" [_thread_in_native, id=24579, stack(0x0000700001b6b000,0x0000700001c6b000)]
  0x00007fdf8491c000 JavaThread "NETTY-TOMP2P - worker-client/server - -1-7" [_thread_in_native, id=24067, stack(0x0000700001a68000,0x0000700001b68000)]
  0x00007fdf850bc000 JavaThread "NETTY-TOMP2P - worker-client/server - -1-6" [_thread_in_native, id=23555, stack(0x0000700001965000,0x0000700001a65000)]
  0x00007fdf84882000 JavaThread "NETTY-TOMP2P - worker-client/server - -1-5" [_thread_in_native, id=12811, stack(0x0000700001862000,0x0000700001962000)]
  0x00007fdf8388f800 JavaThread "NETTY-TOMP2P - worker-client/server - -1-4" [_thread_in_native, id=13575, stack(0x000070000175f000,0x000070000185f000)]
  0x00007fdf84831000 JavaThread "NETTY-TOMP2P - worker-client/server - -1-3" [_thread_in_native, id=5127, stack(0x000070000165c000,0x000070000175c000)]
  0x00007fdf83a21800 JavaThread "pool-2-thread-1" [_thread_blocked, id=22275, stack(0x0000700001559000,0x0000700001659000)]
  0x00007fdf838d6800 JavaThread "DestroyJavaVM" [_thread_blocked, id=5891, stack(0x000070000011a000,0x000070000021a000)]
  0x00007fdf8411b000 JavaThread "Timer-0" [_thread_blocked, id=21763, stack(0x0000700001456000,0x0000700001556000)]
  0x00007fdf84939800 JavaThread "NETTY-TOMP2P - worker-client/server - -1-2" [_thread_in_native, id=21251, stack(0x0000700001353000,0x0000700001453000)]
  0x00007fdf84938800 JavaThread "NETTY-TOMP2P - boss - -3-1" [_thread_in_native, id=20739, stack(0x0000700001250000,0x0000700001350000)]
  0x00007fdf84902000 JavaThread "NETTY-TOMP2P - worker-client/server - -1-1" [_thread_in_native, id=20231, stack(0x000070000114d000,0x000070000124d000)]
  0x00007fdf851a9000 JavaThread "pool-1-thread-1" [_thread_blocked, id=19715, stack(0x000070000104a000,0x000070000114a000)]
  0x00007fdf83804800 JavaThread "Service Thread" daemon [_thread_blocked, id=18691, stack(0x0000700000e44000,0x0000700000f44000)]
  0x00007fdf83812000 JavaThread "C1 CompilerThread2" daemon [_thread_blocked, id=18179, stack(0x0000700000d41000,0x0000700000e41000)]
  0x00007fdf8485a800 JavaThread "C2 CompilerThread1" daemon [_thread_blocked, id=17667, stack(0x0000700000c3e000,0x0000700000d3e000)]
  0x00007fdf83811000 JavaThread "C2 CompilerThread0" daemon [_thread_blocked, id=17155, stack(0x0000700000b3b000,0x0000700000c3b000)]
  0x00007fdf83810800 JavaThread "Signal Dispatcher" daemon [_thread_blocked, id=13071, stack(0x0000700000a38000,0x0000700000b38000)]
  0x00007fdf8400a000 JavaThread "Finalizer" daemon [_thread_blocked, id=12291, stack(0x000070000082f000,0x000070000092f000)]
  0x00007fdf84009000 JavaThread "Reference Handler" daemon [_thread_blocked, id=11779, stack(0x000070000072c000,0x000070000082c000)]

Other Threads:
  0x00007fdf84008800 VMThread [stack: 0x0000700000629000,0x0000700000729000] [id=11267]
  0x00007fdf84832800 WatcherThread [stack: 0x0000700000f47000,0x0000700001047000] [id=19203]

VM state:not at safepoint (normal execution)

VM Mutex/Monitor currently owned by a thread: None

Heap:
 PSYoungGen      total 76288K, used 33156K [0x000000076ab00000, 0x0000000770000000, 0x00000007c0000000)
  eden space 65536K, 44% used [0x000000076ab00000,0x000000076c7c5950,0x000000076eb00000)
  from space 10752K, 34% used [0x000000076eb00000,0x000000076ee9b790,0x000000076f580000)
  to   space 10752K, 0% used [0x000000076f580000,0x000000076f580000,0x0000000770000000)
 ParOldGen       total 175104K, used 8K [0x00000006c0000000, 0x00000006cab00000, 0x000000076ab00000)
  object space 175104K, 0% used [0x00000006c0000000,0x00000006c0002000,0x00000006cab00000)
 Metaspace       used 10175K, capacity 10314K, committed 10496K, reserved 1058816K
  class space    used 1172K, capacity 1215K, committed 1280K, reserved 1048576K

Card table byte_map: [0x000000012039d000,0x0000000120b9e000] byte_map_base: 0x000000011cd9d000

Marking Bits: (ParMarkBitMap*) 0x00000001108dee20
 Begin Bits: [0x00000001210f4000, 0x00000001250f4000)
 End Bits:   [0x00000001250f4000, 0x00000001290f4000)

Polling page: 0x000000010f7fb000

CodeCache: size=245760Kb used=2953Kb max_used=2953Kb free=242806Kb
 bounds [0x0000000110fdd000, 0x00000001112cd000, 0x000000011ffdd000]
 total_blobs=1212 nmethods=874 adapters=252
 compilation: enabled

Compilation events (10 events):
Event: 87.951 Thread 0x00007fdf83812000  944       1       java.util.HashMap::afterNodeInsertion (1 bytes)
Event: 87.951 Thread 0x00007fdf83812000 nmethod 944 0x00000001112bff90 code [0x00000001112c00e0, 0x00000001112c01f0]
Event: 87.951 Thread 0x00007fdf83812000  941       3       java.util.LinkedHashMap$Entry::<init> (10 bytes)
Event: 87.951 Thread 0x00007fdf83812000 nmethod 941 0x00000001112c0250 code [0x00000001112c03c0, 0x00000001112c0610]
Event: 87.952 Thread 0x00007fdf83812000  942       3       java.util.LinkedHashMap::linkNodeLast (33 bytes)
Event: 87.952 Thread 0x00007fdf83812000 nmethod 942 0x00000001112c0710 code [0x00000001112c0880, 0x00000001112c0ab0]
Event: 87.952 Thread 0x00007fdf83812000  943       3       java.util.LinkedHashMap::afterNodeInsertion (40 bytes)
Event: 87.952 Thread 0x00007fdf83812000 nmethod 943 0x00000001112c0b90 code [0x00000001112c0d40, 0x00000001112c1288]
Event: 87.955 Thread 0x00007fdf83812000  945       3       java.lang.Boolean::valueOf (14 bytes)
Event: 87.955 Thread 0x00007fdf83812000 nmethod 945 0x00000001112c1410 code [0x00000001112c1580, 0x00000001112c1710]

GC Heap History (2 events):
Event: 28.640 GC heap before
{Heap before GC invocations=1 (full 0):
 PSYoungGen      total 76288K, used 65536K [0x000000076ab00000, 0x0000000770000000, 0x00000007c0000000)
  eden space 65536K, 100% used [0x000000076ab00000,0x000000076eb00000,0x000000076eb00000)
  from space 10752K, 0% used [0x000000076f580000,0x000000076f580000,0x0000000770000000)
  to   space 10752K, 0% used [0x000000076eb00000,0x000000076eb00000,0x000000076f580000)
 ParOldGen       total 175104K, used 0K [0x00000006c0000000, 0x00000006cab00000, 0x000000076ab00000)
  object space 175104K, 0% used [0x00000006c0000000,0x00000006c0000000,0x00000006cab00000)
 Metaspace       used 8879K, capacity 9024K, committed 9088K, reserved 1056768K
  class space    used 1042K, capacity 1112K, committed 1152K, reserved 1048576K
Event: 28.646 GC heap after
Heap after GC invocations=1 (full 0):
 PSYoungGen      total 76288K, used 3693K [0x000000076ab00000, 0x0000000770000000, 0x00000007c0000000)
  eden space 65536K, 0% used [0x000000076ab00000,0x000000076ab00000,0x000000076eb00000)
  from space 10752K, 34% used [0x000000076eb00000,0x000000076ee9b790,0x000000076f580000)
  to   space 10752K, 0% used [0x000000076f580000,0x000000076f580000,0x0000000770000000)
 ParOldGen       total 175104K, used 8K [0x00000006c0000000, 0x00000006cab00000, 0x000000076ab00000)
  object space 175104K, 0% used [0x00000006c0000000,0x00000006c0002000,0x00000006cab00000)
 Metaspace       used 8879K, capacity 9024K, committed 9088K, reserved 1056768K
  class space    used 1042K, capacity 1112K, committed 1152K, reserved 1048576K
}

Deoptimization events (8 events):
Event: 0.454 Thread 0x00007fdf851a9000 Uncommon trap: reason=unstable_if action=reinterpret pc=0x00000001111bdd7c method=java.util.HashMap.getNode(ILjava/lang/Object;)Ljava/util/HashMap$Node; @ 116
Event: 0.454 Thread 0x00007fdf851a9000 Uncommon trap: reason=unstable_if action=reinterpret pc=0x00000001111b718c method=java.util.HashMap.getNode(ILjava/lang/Object;)Ljava/util/HashMap$Node; @ 62
Event: 0.472 Thread 0x00007fdf84902000 Uncommon trap: reason=unstable_if action=reinterpret pc=0x0000000111162494 method=java.lang.String.lastIndexOf([CII[CIII)I @ 66
Event: 87.102 Thread 0x00007fdf84831000 Uncommon trap: reason=unstable_if action=reinterpret pc=0x00000001112637ec method=java.util.HashMap$HashIterator.<init>(Ljava/util/HashMap;)V @ 38
Event: 87.102 Thread 0x00007fdf84831000 Uncommon trap: reason=unstable_if action=reinterpret pc=0x0000000111263df0 method=java.util.HashMap$HashIterator.hasNext()Z @ 4
Event: 87.172 Thread 0x00007fdf84939800 Uncommon trap: reason=unstable_if action=reinterpret pc=0x00000001112891e0 method=java.util.HashMap$HashIterator.<init>(Ljava/util/HashMap;)V @ 38
Event: 87.197 Thread 0x00007fdf84939800 Uncommon trap: reason=unstable_if action=reinterpret pc=0x0000000111265e30 method=java.util.HashMap$HashIterator.<init>(Ljava/util/HashMap;)V @ 38
Event: 87.564 Thread 0x00007fdf851a9000 Uncommon trap: reason=unstable_if action=reinterpret pc=0x00000001112671cc method=java.util.HashMap$HashIterator.<init>(Ljava/util/HashMap;)V @ 38

Internal exceptions (10 events):
Event: 0.320 Thread 0x00007fdf84802000 Exception <a 'java/lang/ArrayIndexOutOfBoundsException': 18> (0x000000076b36a398) thrown at [/Users/java_re/workspace/8-2-build-macosx-x86_64/jdk8u65/4987/hotspot/src/share/vm/interpreter/interpreterRuntime.cpp, line 366]
Event: 0.320 Thread 0x00007fdf84802000 Exception <a 'java/lang/ArrayIndexOutOfBoundsException': 69> (0x000000076b36b1f0) thrown at [/Users/java_re/workspace/8-2-build-macosx-x86_64/jdk8u65/4987/hotspot/src/share/vm/interpreter/interpreterRuntime.cpp, line 366]
Event: 0.321 Thread 0x00007fdf84802000 Exception <a 'java/lang/ArrayIndexOutOfBoundsException': 76> (0x000000076b36c4a0) thrown at [/Users/java_re/workspace/8-2-build-macosx-x86_64/jdk8u65/4987/hotspot/src/share/vm/interpreter/interpreterRuntime.cpp, line 366]
Event: 0.510 Thread 0x00007fdf84902000 Exception <a 'java/lang/NoSuchFieldError': method resolution failed> (0x000000076bb69290) thrown at [/Users/java_re/workspace/8-2-build-macosx-x86_64/jdk8u65/4987/hotspot/src/share/vm/prims/methodHandles.cpp, line 1146]
Event: 0.512 Thread 0x00007fdf84902000 Exception <a 'java/lang/NoSuchFieldError': method resolution failed> (0x000000076bb76a00) thrown at [/Users/java_re/workspace/8-2-build-macosx-x86_64/jdk8u65/4987/hotspot/src/share/vm/prims/methodHandles.cpp, line 1146]
Event: 0.600 Thread 0x00007fdf83a21800 Exception <a 'java/lang/ArrayIndexOutOfBoundsException'> (0x000000076c56d998) thrown at [/Users/java_re/workspace/8-2-build-macosx-x86_64/jdk8u65/4987/hotspot/src/share/vm/runtime/sharedRuntime.cpp, line 605]
Event: 87.098 Thread 0x00007fdf84831000 Exception <a 'java/io/IOException'> (0x000000076c112688) thrown at [/Users/java_re/workspace/8-2-build-macosx-x86_64/jdk8u65/4987/hotspot/src/share/vm/prims/jni.cpp, line 709]
Event: 87.141 Thread 0x00007fdf84882000 Exception <a 'java/io/IOException'> (0x000000076c230660) thrown at [/Users/java_re/workspace/8-2-build-macosx-x86_64/jdk8u65/4987/hotspot/src/share/vm/prims/jni.cpp, line 709]
Event: 87.301 Thread 0x00007fdf8491c000 Exception <a 'java/io/IOException'> (0x000000076c2d4558) thrown at [/Users/java_re/workspace/8-2-build-macosx-x86_64/jdk8u65/4987/hotspot/src/share/vm/prims/jni.cpp, line 709]
Event: 87.389 Thread 0x00007fdf8491d000 Exception <a 'java/io/IOException'> (0x000000076c2e9880) thrown at [/Users/java_re/workspace/8-2-build-macosx-x86_64/jdk8u65/4987/hotspot/src/share/vm/prims/jni.cpp, line 709]

Events (10 events):
Event: 87.955 loading class net/tomp2p/p2p/builder/DiscoverBuilder$2 done
Event: 87.955 Thread 0x00007fdf83a0e800 Thread added: 0x00007fdf83a0e800
Event: 87.955 loading class net/tomp2p/p2p/builder/DiscoverBuilder$3
Event: 87.955 loading class net/tomp2p/p2p/builder/DiscoverBuilder$3 done
Event: 87.955 Executing VM operation: RevokeBias
Event: 87.956 Executing VM operation: RevokeBias done
Event: 87.956 Executing VM operation: RevokeBias
Event: 87.956 Executing VM operation: RevokeBias done
Event: 87.956 Executing VM operation: RevokeBias
Event: 87.956 Executing VM operation: RevokeBias done


Dynamic libraries:
0x000000000426d000 	/System/Library/Frameworks/Cocoa.framework/Versions/A/Cocoa
0x000000000426d000 	/System/Library/Frameworks/Security.framework/Versions/A/Security
0x000000000426d000 	/System/Library/Frameworks/ApplicationServices.framework/Versions/A/ApplicationServices
0x000000000426d000 	/usr/lib/libz.1.dylib
0x000000000426d000 	/usr/lib/libSystem.B.dylib
0x000000000426d000 	/usr/lib/libobjc.A.dylib
0x000000000426d000 	/System/Library/Frameworks/CoreFoundation.framework/Versions/A/CoreFoundation
0x000000000426d000 	/System/Library/Frameworks/Foundation.framework/Versions/C/Foundation
0x000000000426d000 	/System/Library/Frameworks/AppKit.framework/Versions/C/AppKit
0x000000000426d000 	/System/Library/Frameworks/CoreData.framework/Versions/A/CoreData
0x000000000426d000 	/System/Library/PrivateFrameworks/RemoteViewServices.framework/Versions/A/RemoteViewServices
0x000000000426d000 	/System/Library/PrivateFrameworks/UIFoundation.framework/Versions/A/UIFoundation
0x000000000426d000 	/usr/lib/libScreenReader.dylib
0x000000000426d000 	/System/Library/Frameworks/Accelerate.framework/Versions/A/Accelerate
0x000000000426d000 	/System/Library/Frameworks/IOSurface.framework/Versions/A/IOSurface
0x000000000426d000 	/System/Library/Frameworks/AudioToolbox.framework/Versions/A/AudioToolbox
0x000000000426d000 	/System/Library/Frameworks/AudioUnit.framework/Versions/A/AudioUnit
0x000000000426d000 	/System/Library/PrivateFrameworks/DataDetectorsCore.framework/Versions/A/DataDetectorsCore
0x000000000426d000 	/System/Library/PrivateFrameworks/DesktopServicesPriv.framework/Versions/A/DesktopServicesPriv
0x000000000426d000 	/System/Library/Frameworks/Carbon.framework/Versions/A/Frameworks/HIToolbox.framework/Versions/A/HIToolbox
0x000000000426d000 	/System/Library/Frameworks/QuartzCore.framework/Versions/A/QuartzCore
0x000000000426d000 	/System/Library/Frameworks/Carbon.framework/Versions/A/Frameworks/SpeechRecognition.framework/Versions/A/SpeechRecognition
0x000000000426d000 	/usr/lib/libauto.dylib
0x000000000426d000 	/usr/lib/libicucore.A.dylib
0x000000000426d000 	/usr/lib/libxml2.2.dylib
0x000000000426d000 	/System/Library/PrivateFrameworks/CoreUI.framework/Versions/A/CoreUI
0x000000000426d000 	/System/Library/Frameworks/CoreAudio.framework/Versions/A/CoreAudio
0x000000000426d000 	/System/Library/Frameworks/DiskArbitration.framework/Versions/A/DiskArbitration
0x000000000426d000 	/usr/lib/liblangid.dylib
0x000000000426d000 	/System/Library/PrivateFrameworks/MultitouchSupport.framework/Versions/A/MultitouchSupport
0x000000000426d000 	/System/Library/Frameworks/IOKit.framework/Versions/A/IOKit
0x000000000426d000 	/usr/lib/libDiagnosticMessagesClient.dylib
0x000000000426d000 	/System/Library/Frameworks/CoreServices.framework/Versions/A/CoreServices
0x000000000426d000 	/System/Library/PrivateFrameworks/PerformanceAnalysis.framework/Versions/A/PerformanceAnalysis
0x000000000426d000 	/System/Library/PrivateFrameworks/GenerationalStorage.framework/Versions/A/GenerationalStorage
0x000000000426d000 	/System/Library/Frameworks/OpenGL.framework/Versions/A/OpenGL
0x000000000426d000 	/System/Library/PrivateFrameworks/Sharing.framework/Versions/A/Sharing
0x000000000426d000 	/System/Library/Frameworks/CoreGraphics.framework/Versions/A/CoreGraphics
0x000000000426d000 	/System/Library/Frameworks/CoreImage.framework/Versions/A/CoreImage
0x000000000426d000 	/System/Library/Frameworks/CoreText.framework/Versions/A/CoreText
0x000000000426d000 	/System/Library/Frameworks/ImageIO.framework/Versions/A/ImageIO
0x000000000426d000 	/System/Library/PrivateFrameworks/Backup.framework/Versions/A/Backup
0x000000000426d000 	/usr/lib/libextension.dylib
0x000000000426d000 	/usr/lib/libarchive.2.dylib
0x000000000426d000 	/System/Library/Frameworks/CFNetwork.framework/Versions/A/CFNetwork
0x000000000426d000 	/System/Library/Frameworks/SystemConfiguration.framework/Versions/A/SystemConfiguration
0x000000000426d000 	/usr/lib/libCRFSuite.dylib
0x000000000426d000 	/usr/lib/libc++.1.dylib
0x000000000426d000 	/usr/lib/libc++abi.dylib
0x000000000426d000 	/usr/lib/system/libcache.dylib
0x000000000426d000 	/usr/lib/system/libcommonCrypto.dylib
0x000000000426d000 	/usr/lib/system/libcompiler_rt.dylib
0x000000000426d000 	/usr/lib/system/libcopyfile.dylib
0x000000000426d000 	/usr/lib/system/libcorecrypto.dylib
0x000000000426d000 	/usr/lib/system/libdispatch.dylib
0x000000000426d000 	/usr/lib/system/libdyld.dylib
0x000000000426d000 	/usr/lib/system/libkeymgr.dylib
0x000000000426d000 	/usr/lib/system/liblaunch.dylib
0x000000000426d000 	/usr/lib/system/libmacho.dylib
0x000000000426d000 	/usr/lib/system/libquarantine.dylib
0x000000000426d000 	/usr/lib/system/libremovefile.dylib
0x000000000426d000 	/usr/lib/system/libsystem_asl.dylib
0x000000000426d000 	/usr/lib/system/libsystem_blocks.dylib
0x000000000426d000 	/usr/lib/system/libsystem_c.dylib
0x000000000426d000 	/usr/lib/system/libsystem_configuration.dylib
0x000000000426d000 	/usr/lib/system/libsystem_coreservices.dylib
0x000000000426d000 	/usr/lib/system/libsystem_coretls.dylib
0x000000000426d000 	/usr/lib/system/libsystem_dnssd.dylib
0x000000000426d000 	/usr/lib/system/libsystem_info.dylib
0x000000000426d000 	/usr/lib/system/libsystem_kernel.dylib
0x000000000426d000 	/usr/lib/system/libsystem_m.dylib
0x000000000426d000 	/usr/lib/system/libsystem_malloc.dylib
0x000000000426d000 	/usr/lib/system/libsystem_network.dylib
0x000000000426d000 	/usr/lib/system/libsystem_networkextension.dylib
0x000000000426d000 	/usr/lib/system/libsystem_notify.dylib
0x000000000426d000 	/usr/lib/system/libsystem_platform.dylib
0x000000000426d000 	/usr/lib/system/libsystem_pthread.dylib
0x000000000426d000 	/usr/lib/system/libsystem_sandbox.dylib
0x000000000426d000 	/usr/lib/system/libsystem_secinit.dylib
0x000000000426d000 	/usr/lib/system/libsystem_trace.dylib
0x000000000426d000 	/usr/lib/system/libunc.dylib
0x000000000426d000 	/usr/lib/system/libunwind.dylib
0x000000000426d000 	/usr/lib/system/libxpc.dylib
0x000000000426d000 	/usr/lib/libenergytrace.dylib
0x000000000426d000 	/usr/lib/libbsm.0.dylib
0x000000000426d000 	/usr/lib/system/libkxld.dylib
0x000000000426d000 	/usr/lib/libxar.1.dylib
0x000000000426d000 	/usr/lib/libsqlite3.dylib
0x000000000426d000 	/usr/lib/libpam.2.dylib
0x000000000426d000 	/usr/lib/libOpenScriptingUtil.dylib
0x000000000426d000 	/usr/lib/libbz2.1.0.dylib
0x000000000426d000 	/usr/lib/liblzma.5.dylib
0x000000000426d000 	/System/Library/Frameworks/CoreServices.framework/Versions/A/Frameworks/FSEvents.framework/Versions/A/FSEvents
0x000000000426d000 	/System/Library/Frameworks/CoreServices.framework/Versions/A/Frameworks/CarbonCore.framework/Versions/A/CarbonCore
0x000000000426d000 	/System/Library/Frameworks/CoreServices.framework/Versions/A/Frameworks/Metadata.framework/Versions/A/Metadata
0x000000000426d000 	/System/Library/Frameworks/CoreServices.framework/Versions/A/Frameworks/OSServices.framework/Versions/A/OSServices
0x000000000426d000 	/System/Library/Frameworks/CoreServices.framework/Versions/A/Frameworks/SearchKit.framework/Versions/A/SearchKit
0x000000000426d000 	/System/Library/Frameworks/CoreServices.framework/Versions/A/Frameworks/AE.framework/Versions/A/AE
0x000000000426d000 	/System/Library/Frameworks/CoreServices.framework/Versions/A/Frameworks/LaunchServices.framework/Versions/A/LaunchServices
0x000000000426d000 	/System/Library/Frameworks/CoreServices.framework/Versions/A/Frameworks/DictionaryServices.framework/Versions/A/DictionaryServices
0x000000000426d000 	/System/Library/Frameworks/CoreServices.framework/Versions/A/Frameworks/SharedFileList.framework/Versions/A/SharedFileList
0x000000000426d000 	/System/Library/Frameworks/NetFS.framework/Versions/A/NetFS
0x000000000426d000 	/System/Library/PrivateFrameworks/NetAuth.framework/Versions/A/NetAuth
0x000000000426d000 	/System/Library/PrivateFrameworks/login.framework/Versions/A/Frameworks/loginsupport.framework/Versions/A/loginsupport
0x000000000426d000 	/System/Library/PrivateFrameworks/TCC.framework/Versions/A/TCC
0x000000000426d000 	/usr/lib/libmecabra.dylib
0x000000000426d000 	/System/Library/Frameworks/ApplicationServices.framework/Versions/A/Frameworks/ATS.framework/Versions/A/ATS
0x000000000426d000 	/System/Library/Frameworks/ApplicationServices.framework/Versions/A/Frameworks/ColorSync.framework/Versions/A/ColorSync
0x000000000426d000 	/System/Library/Frameworks/ApplicationServices.framework/Versions/A/Frameworks/HIServices.framework/Versions/A/HIServices
0x000000000426d000 	/System/Library/Frameworks/ApplicationServices.framework/Versions/A/Frameworks/LangAnalysis.framework/Versions/A/LangAnalysis
0x000000000426d000 	/System/Library/Frameworks/ApplicationServices.framework/Versions/A/Frameworks/PrintCore.framework/Versions/A/PrintCore
0x000000000426d000 	/System/Library/Frameworks/ApplicationServices.framework/Versions/A/Frameworks/QD.framework/Versions/A/QD
0x000000000426d000 	/System/Library/Frameworks/ApplicationServices.framework/Versions/A/Frameworks/SpeechSynthesis.framework/Versions/A/SpeechSynthesis
0x000000000426d000 	/System/Library/Frameworks/Metal.framework/Versions/A/Metal
0x000000000426d000 	/System/Library/Frameworks/Accelerate.framework/Versions/A/Frameworks/vImage.framework/Versions/A/vImage
0x000000000426d000 	/System/Library/Frameworks/Accelerate.framework/Versions/A/Frameworks/vecLib.framework/Versions/A/vecLib
0x000000000426d000 	/System/Library/Frameworks/Accelerate.framework/Versions/A/Frameworks/vecLib.framework/Versions/A/libvDSP.dylib
0x000000000426d000 	/System/Library/Frameworks/Accelerate.framework/Versions/A/Frameworks/vecLib.framework/Versions/A/libvMisc.dylib
0x000000000426d000 	/System/Library/Frameworks/Accelerate.framework/Versions/A/Frameworks/vecLib.framework/Versions/A/libLAPACK.dylib
0x000000000426d000 	/System/Library/Frameworks/Accelerate.framework/Versions/A/Frameworks/vecLib.framework/Versions/A/libBLAS.dylib
0x000000000426d000 	/System/Library/Frameworks/Accelerate.framework/Versions/A/Frameworks/vecLib.framework/Versions/A/libLinearAlgebra.dylib
0x000000000426d000 	/System/Library/Frameworks/Accelerate.framework/Versions/A/Frameworks/vecLib.framework/Versions/A/libSparseBLAS.dylib
0x000000000426d000 	/System/Library/PrivateFrameworks/GPUCompiler.framework/libmetal_timestamp.dylib
0x000000000426d000 	/System/Library/Frameworks/OpenGL.framework/Versions/A/Libraries/libCoreFSCache.dylib
0x000000000426d000 	/System/Library/PrivateFrameworks/IOAccelerator.framework/Versions/A/IOAccelerator
0x000000000426d000 	/System/Library/Frameworks/ApplicationServices.framework/Versions/A/Frameworks/ATS.framework/Versions/A/Resources/libFontParser.dylib
0x000000000426d000 	/System/Library/Frameworks/ApplicationServices.framework/Versions/A/Frameworks/ATS.framework/Versions/A/Resources/libFontRegistry.dylib
0x000000000426d000 	/System/Library/PrivateFrameworks/AppleVPA.framework/Versions/A/AppleVPA
0x000000000426d000 	/System/Library/PrivateFrameworks/AppleJPEG.framework/Versions/A/AppleJPEG
0x000000000426d000 	/System/Library/Frameworks/ImageIO.framework/Versions/A/Resources/libJPEG.dylib
0x000000000426d000 	/System/Library/Frameworks/ImageIO.framework/Versions/A/Resources/libTIFF.dylib
0x000000000426d000 	/System/Library/Frameworks/ImageIO.framework/Versions/A/Resources/libPng.dylib
0x000000000426d000 	/System/Library/Frameworks/ImageIO.framework/Versions/A/Resources/libGIF.dylib
0x000000000426d000 	/System/Library/Frameworks/ImageIO.framework/Versions/A/Resources/libJP2.dylib
0x000000000426d000 	/System/Library/Frameworks/ImageIO.framework/Versions/A/Resources/libRadiance.dylib
0x000000000426d000 	/System/Library/Frameworks/CoreVideo.framework/Versions/A/CoreVideo
0x000000000426d000 	/System/Library/Frameworks/OpenGL.framework/Versions/A/Libraries/libGLU.dylib
0x000000000426d000 	/System/Library/Frameworks/OpenGL.framework/Versions/A/Libraries/libGFXShared.dylib
0x000000000426d000 	/System/Library/Frameworks/OpenGL.framework/Versions/A/Libraries/libGL.dylib
0x000000000426d000 	/System/Library/Frameworks/OpenGL.framework/Versions/A/Libraries/libGLImage.dylib
0x000000000426d000 	/System/Library/Frameworks/OpenGL.framework/Versions/A/Libraries/libCVMSPluginSupport.dylib
0x000000000426d000 	/System/Library/Frameworks/OpenGL.framework/Versions/A/Libraries/libCoreVMClient.dylib
0x000000000426d000 	/usr/lib/libcups.2.dylib
0x000000000426d000 	/System/Library/Frameworks/Kerberos.framework/Versions/A/Kerberos
0x000000000426d000 	/System/Library/Frameworks/GSS.framework/Versions/A/GSS
0x000000000426d000 	/usr/lib/libresolv.9.dylib
0x000000000426d000 	/usr/lib/libiconv.2.dylib
0x000000000426d000 	/System/Library/PrivateFrameworks/Heimdal.framework/Versions/A/Heimdal
0x000000000426d000 	/usr/lib/libheimdal-asn1.dylib
0x000000000426d000 	/System/Library/Frameworks/OpenDirectory.framework/Versions/A/OpenDirectory
0x000000000426d000 	/System/Library/PrivateFrameworks/CommonAuth.framework/Versions/A/CommonAuth
0x000000000426d000 	/System/Library/Frameworks/OpenDirectory.framework/Versions/A/Frameworks/CFOpenDirectory.framework/Versions/A/CFOpenDirectory
0x000000000426d000 	/System/Library/Frameworks/SecurityFoundation.framework/Versions/A/SecurityFoundation
0x000000000426d000 	/System/Library/PrivateFrameworks/LanguageModeling.framework/Versions/A/LanguageModeling
0x000000000426d000 	/usr/lib/libmarisa.dylib
0x000000000426d000 	/usr/lib/libChineseTokenizer.dylib
0x000000000426d000 	/usr/lib/libcmph.dylib
0x000000000426d000 	/usr/lib/libcompression.dylib
0x000000000426d000 	/System/Library/Frameworks/ServiceManagement.framework/Versions/A/ServiceManagement
0x000000000426d000 	/usr/lib/libxslt.1.dylib
0x000000000426d000 	/System/Library/Frameworks/Carbon.framework/Versions/A/Frameworks/Ink.framework/Versions/A/Ink
0x000000000426d000 	/usr/lib/libFosl_dynamic.dylib
0x000000000426d000 	/System/Library/PrivateFrameworks/FaceCore.framework/Versions/A/FaceCore
0x000000000426d000 	/System/Library/Frameworks/OpenCL.framework/Versions/A/OpenCL
0x000000000426d000 	/System/Library/PrivateFrameworks/CrashReporterSupport.framework/Versions/A/CrashReporterSupport
0x000000000426d000 	/System/Library/PrivateFrameworks/IconServices.framework/Versions/A/IconServices
0x000000000426d000 	/System/Library/PrivateFrameworks/Apple80211.framework/Versions/A/Apple80211
0x000000000426d000 	/System/Library/Frameworks/CoreWLAN.framework/Versions/A/CoreWLAN
0x000000000426d000 	/System/Library/Frameworks/IOBluetooth.framework/Versions/A/IOBluetooth
0x000000000426d000 	/System/Library/PrivateFrameworks/CoreWiFi.framework/Versions/A/CoreWiFi
0x000000000426d000 	/System/Library/Frameworks/CoreBluetooth.framework/Versions/A/CoreBluetooth
0x000000000426d000 	/System/Library/PrivateFrameworks/ChunkingLibrary.framework/Versions/A/ChunkingLibrary
0x000000000426d000 	/System/Library/PrivateFrameworks/DebugSymbols.framework/Versions/A/DebugSymbols
0x000000000426d000 	/System/Library/PrivateFrameworks/CoreSymbolication.framework/Versions/A/CoreSymbolication
0x000000000426d000 	/System/Library/PrivateFrameworks/Symbolication.framework/Versions/A/Symbolication
0x000000000426d000 	/System/Library/PrivateFrameworks/SpeechRecognitionCore.framework/Versions/A/SpeechRecognitionCore
0x0000000110000000 	/Library/Java/JavaVirtualMachines/jdk1.8.0_65.jdk/Contents/Home/jre/lib/server/libjvm.dylib
0x000000000426d000 	/usr/lib/libstdc++.6.dylib
0x0000000110f89000 	/Library/Java/JavaVirtualMachines/jdk1.8.0_65.jdk/Contents/Home/jre/lib/libverify.dylib
0x0000000110f97000 	/Library/Java/JavaVirtualMachines/jdk1.8.0_65.jdk/Contents/Home/jre/lib/libjava.dylib
0x0000000110fd4000 	/Library/Java/JavaVirtualMachines/jdk1.8.0_65.jdk/Contents/Home/jre/lib/libzip.dylib
0x000000012b412000 	/System/Library/Frameworks/JavaVM.framework/Frameworks/JavaRuntimeSupport.framework/JavaRuntimeSupport
0x000000012b42d000 	/System/Library/Frameworks/JavaVM.framework/Versions/A/Frameworks/JavaNativeFoundation.framework/Versions/A/JavaNativeFoundation
0x000000012b442000 	/System/Library/Frameworks/JavaVM.framework/Versions/A/JavaVM
0x000000000426d000 	/System/Library/Frameworks/Carbon.framework/Versions/A/Carbon
0x000000012b44f000 	/System/Library/PrivateFrameworks/JavaLaunching.framework/Versions/A/JavaLaunching
0x000000000426d000 	/System/Library/Frameworks/Carbon.framework/Versions/A/Frameworks/CommonPanels.framework/Versions/A/CommonPanels
0x000000000426d000 	/System/Library/Frameworks/Carbon.framework/Versions/A/Frameworks/Help.framework/Versions/A/Help
0x000000000426d000 	/System/Library/Frameworks/Carbon.framework/Versions/A/Frameworks/ImageCapture.framework/Versions/A/ImageCapture
0x000000000426d000 	/System/Library/Frameworks/Carbon.framework/Versions/A/Frameworks/OpenScripting.framework/Versions/A/OpenScripting
0x000000000426d000 	/System/Library/Frameworks/Carbon.framework/Versions/A/Frameworks/Print.framework/Versions/A/Print
0x000000000426d000 	/System/Library/Frameworks/Carbon.framework/Versions/A/Frameworks/SecurityHI.framework/Versions/A/SecurityHI
0x000000012cdd2000 	/Library/Java/JavaVirtualMachines/jdk1.8.0_65.jdk/Contents/Home/jre/lib/libnet.dylib
0x000000012ce3d000 	/Library/Java/JavaVirtualMachines/jdk1.8.0_65.jdk/Contents/Home/jre/lib/libnio.dylib

VM Arguments:
jvm_args: -Dfile.encoding=UTF-8 
java_command: Main
java_class_path (initial): /Users/mayerlevy/Dropbox/Poli-USP/4MA/TCC/mensageiro-p2p/tracker/bin:/Users/mayerlevy/Dropbox/Poli-USP/4MA/TCC/mensageiro-p2p/app/libs/dht.jar:/Users/mayerlevy/Dropbox/Poli-USP/4MA/TCC/mensageiro-p2p/app/libs/gcm-server-1.0.2.jar:/Users/mayerlevy/Dropbox/Poli-USP/4MA/TCC/mensageiro-p2p/app/libs/java-json.jar:/Users/mayerlevy/Dropbox/Poli-USP/4MA/TCC/mensageiro-p2p/app/libs/json-simple-1.1.jar:/Users/mayerlevy/Dropbox/Poli-USP/4MA/TCC/mensageiro-p2p/app/libs/mapdb-1.0.6.jar:/Users/mayerlevy/Dropbox/Poli-USP/4MA/TCC/mensageiro-p2p/app/libs/netty-buffer-4.0.28.Final.jar:/Users/mayerlevy/Dropbox/Poli-USP/4MA/TCC/mensageiro-p2p/app/libs/netty-common-4.0.28.Final.jar:/Users/mayerlevy/Dropbox/Poli-USP/4MA/TCC/mensageiro-p2p/app/libs/netty-transport-4.0.28.Final.jar:/Users/mayerlevy/Dropbox/Poli-USP/4MA/TCC/mensageiro-p2p/app/libs/slf4j-api-1.7.5.jar:/Users/mayerlevy/Dropbox/Poli-USP/4MA/TCC/mensageiro-p2p/app/libs/tomp2p-all-5.0-Beta8.jar:/Users/mayerlevy/Dropbox/Poli-USP/4MA/TCC/mensageiro-p2p/app/libs/tomp2p-android-5.0-Beta8.jar:/Users/mayerlevy/Dropbox/Poli-USP/4MA/TCC/mensageiro-p2p/app/libs/tomp2p-core-5.0-Beta8.jar:/Users/mayerlevy/Dropbox/Poli-USP/4MA/TCC/mensageiro-p2p/app/libs/tomp2p-dht-5.0-Beta8.jar:/Users/mayerlevy/Dropbox/Poli-USP/4MA/TCC/mensageiro-p2p/app/libs/tomp2p-nat-5.0-Beta8.jar:/Users/mayerlevy/Dropbox/Poli-USP/4MA/TCC/mensageiro-p2p/app/libs/tomp2p-replication-5.0-Beta8.jar:/Users/mayerlevy/Dropbox/Poli-USP/4MA/TCC/mensageiro-p2p/app/libs/tomp2p-storage-5.0-Beta8.jar:/Users/mayerlevy/Dropbox/Poli-USP/4MA/TCC/mensageiro-p2p/app/libs/tomp2p-tracker-5.0-Beta8.jar:/Users/mayerlevy/Dropbox/Poli-USP/4MA/TCC/mensageiro-p2p/app/libs/weupnp-0.1.2.jar
Launcher Type: SUN_STANDARD

Environment Variables:
PATH=/usr/bin:/bin:/usr/sbin:/sbin
SHELL=/bin/bash
DISPLAY=/private/tmp/com.apple.launchd.PiVEgoXE1L/org.macosforge.xquartz:0

Signal Handlers:
SIGSEGV: [libjvm.dylib+0x5a6d31], sa_mask[0]=11111111011111110111111111111111, sa_flags=SA_ONSTACK|SA_RESTART|SA_SIGINFO
SIGBUS: [libjvm.dylib+0x5a6d31], sa_mask[0]=11111111011111110111111111111111, sa_flags=SA_RESTART|SA_SIGINFO
SIGFPE: [libjvm.dylib+0x480a40], sa_mask[0]=11111111011111110111111111111111, sa_flags=SA_RESTART|SA_SIGINFO
SIGPIPE: [libjvm.dylib+0x480a40], sa_mask[0]=11111111011111110111111111111111, sa_flags=SA_RESTART|SA_SIGINFO
SIGXFSZ: [libjvm.dylib+0x480a40], sa_mask[0]=11111111011111110111111111111111, sa_flags=SA_RESTART|SA_SIGINFO
SIGILL: [libjvm.dylib+0x480a40], sa_mask[0]=11111111011111110111111111111111, sa_flags=SA_RESTART|SA_SIGINFO
SIGUSR1: SIG_DFL, sa_mask[0]=00000000000000000000000000000000, sa_flags=none
SIGUSR2: [libjvm.dylib+0x48055e], sa_mask[0]=00100000000000000000000000000000, sa_flags=SA_RESTART|SA_SIGINFO
SIGHUP: [libjvm.dylib+0x47eb35], sa_mask[0]=11111111011111110111111111111111, sa_flags=SA_RESTART|SA_SIGINFO
SIGINT: [libjvm.dylib+0x47eb35], sa_mask[0]=11111111011111110111111111111111, sa_flags=SA_RESTART|SA_SIGINFO
SIGTERM: [libjvm.dylib+0x47eb35], sa_mask[0]=11111111011111110111111111111111, sa_flags=SA_RESTART|SA_SIGINFO
SIGQUIT: [libjvm.dylib+0x47eb35], sa_mask[0]=11111111011111110111111111111111, sa_flags=SA_RESTART|SA_SIGINFO


---------------  S Y S T E M  ---------------

OS:Bsduname:Darwin 15.0.0 Darwin Kernel Version 15.0.0: Wed Aug 26 16:57:32 PDT 2015; root:xnu-3247.1.106~1/RELEASE_X86_64 x86_64
rlimit: STACK 8192k, CORE 0k, NPROC 2048, NOFILE 8192, AS infinity
load average:7.05 4.63 5.31

CPU:total 4 (2 cores per cpu, 2 threads per core) family 6 model 61 stepping 4, cmov, cx8, fxsr, mmx, sse, sse2, sse3, ssse3, sse4.1, sse4.2, popcnt, avx, avx2, aes, clmul, erms, 3dnowpref, lzcnt, ht, tsc, tscinvbit, bmi1, bmi2, adx

Memory: 4k page, physical 16777216k(1034676k free)

/proc/meminfo:


vm_info: Java HotSpot(TM) 64-Bit Server VM (25.65-b01) for bsd-amd64 JRE (1.8.0_65-b17), built on Oct  6 2015 15:36:46 by "java_re" with gcc 4.2.1 (Based on Apple Inc. build 5658) (LLVM build 2336.11.00)

time: Wed Sep 27 00:28:22 2017
elapsed time: 87 seconds (0d 0h 1m 27s)

